<?xml version="1.0" encoding="UTF-8"?>
<!-- Generated by org.testng.reporters.JUnitReportReporter -->
<testsuite hostname="Chinna" failures="0" tests="3" name="com.EpsonDoms.ProdctTest.WomensProductTest" time="0.005" errors="0" timestamp="2024-10-28T15:40:59 IST" skipped="0">
  <testcase classname="com.EpsonDoms.ProdctTest.WomensProductTest" name="UpdateProduct" time="0.001"/>
  <system-out/>
  <testcase classname="com.EpsonDoms.ProdctTest.WomensProductTest" name="removeProduct" time="0.003"/>
  <system-out/>
  <testcase classname="com.EpsonDoms.ProdctTest.WomensProductTest" name="addProduct" time="0.001"/>
  <system-out/>
</testsuite> <!-- com.EpsonDoms.ProdctTest.WomensProductTest -->
