<?xml version="1.0" encoding="UTF-8"?>
<!-- Generated by org.testng.reporters.JUnitReportReporter -->
<testsuite hostname="Chinna" failures="0" tests="3" name="com.EpsonDoms.Welcometest.VerifyWelcomePageTest" time="21.716" errors="0" timestamp="2024-11-07T08:39:32 IST" skipped="0">
  <testcase classname="com.EpsonDoms.Welcometest.VerifyWelcomePageTest" name="verifyWelcomepageWithValidInput" time="16.903"/>
  <system-out>
    <![CDATA[Execution completed succefully]]>
  </system-out>
  <testcase classname="com.EpsonDoms.Welcometest.VerifyWelcomePageTest" name="VerifyWelcomePageWithInValidInput" time="2.315"/>
  <system-out/>
  <testcase classname="com.EpsonDoms.Welcometest.VerifyWelcomePageTest" name="VerifyWelcomePageWithInValidInput" time="2.498"/>
  <system-out/>
</testsuite> <!-- com.EpsonDoms.Welcometest.VerifyWelcomePageTest -->
