<?xml version="1.0" encoding="UTF-8"?>
<!-- Generated by org.testng.reporters.JUnitReportReporter -->
<testsuite hostname="Chinna" failures="0" tests="6" name="demo.demoTest" time="0.438" errors="0" timestamp="2024-11-05T09:31:49 IST" skipped="0">
  <testcase classname="demo.demoTest" name="demoTesting4" time="0.001"/>
  <system-out/>
  <testcase classname="demo.demoTest" name="demoTesting5" time="0.000"/>
  <system-out/>
  <testcase classname="demo.demoTest" name="demoTesting1" time="0.001"/>
  <system-out/>
  <testcase classname="demo.demoTest" name="DemoTesting" time="0.435"/>
  <system-out/>
  <testcase classname="demo.demoTest" name="demoTesting3" time="0.000"/>
  <system-out/>
  <testcase classname="demo.demoTest" name="demoTesting2" time="0.001"/>
  <system-out/>
</testsuite> <!-- demo.demoTest -->
